<?xml version="1.0" encoding="UTF-8"?>
<coverage generated="1689934738258" clover="3.2.0">
  <project timestamp="1689934738258" name="All files">
    <metrics statements="38" coveredstatements="36" conditionals="17" coveredconditionals="15" methods="3" coveredmethods="3" elements="58" coveredelements="54" complexity="0" loc="38" ncloc="38" packages="1" files="1" classes="1"/>
    <file name="character.js" path="C:\MSI Kate\KateWolsh\IT\Frontend\Home work\methods\src\character.js">
      <metrics statements="38" coveredstatements="36" conditionals="17" coveredconditionals="15" methods="3" coveredmethods="3"/>
      <line num="3" count="14" type="cond" truecount="5" falsecount="0"/>
      <line num="4" count="4" type="stmt"/>
      <line num="7" count="10" type="stmt"/>
      <line num="8" count="10" type="cond" truecount="2" falsecount="0"/>
      <line num="9" count="1" type="stmt"/>
      <line num="12" count="9" type="stmt"/>
      <line num="13" count="9" type="stmt"/>
      <line num="14" count="9" type="stmt"/>
      <line num="15" count="9" type="stmt"/>
      <line num="17" count="9" type="cond" truecount="6" falsecount="0"/>
      <line num="19" count="1" type="stmt"/>
      <line num="20" count="1" type="stmt"/>
      <line num="21" count="1" type="stmt"/>
      <line num="23" count="4" type="stmt"/>
      <line num="24" count="4" type="stmt"/>
      <line num="25" count="4" type="stmt"/>
      <line num="27" count="1" type="stmt"/>
      <line num="28" count="1" type="stmt"/>
      <line num="29" count="1" type="stmt"/>
      <line num="31" count="1" type="stmt"/>
      <line num="32" count="1" type="stmt"/>
      <line num="33" count="1" type="stmt"/>
      <line num="35" count="1" type="stmt"/>
      <line num="36" count="1" type="stmt"/>
      <line num="37" count="1" type="stmt"/>
      <line num="39" count="1" type="stmt"/>
      <line num="40" count="1" type="stmt"/>
      <line num="41" count="1" type="stmt"/>
      <line num="46" count="1" type="cond" truecount="1" falsecount="1"/>
      <line num="47" count="0" type="stmt"/>
      <line num="50" count="1" type="stmt"/>
      <line num="51" count="1" type="stmt"/>
      <line num="52" count="1" type="stmt"/>
      <line num="53" count="1" type="stmt"/>
      <line num="57" count="2" type="cond" truecount="1" falsecount="1"/>
      <line num="58" count="0" type="stmt"/>
      <line num="61" count="2" type="stmt"/>
      <line num="62" count="2" type="stmt"/>
    </file>
  </project>
</coverage>
