<?xml version="1.0" encoding="UTF-8"?>
<coverage generated="1690813117036" clover="3.2.0">
  <project timestamp="1690813117036" name="All files">
    <metrics statements="37" coveredstatements="35" conditionals="11" coveredconditionals="9" methods="9" coveredmethods="9" elements="57" coveredelements="53" complexity="0" loc="37" ncloc="37" packages="1" files="1" classes="1"/>
    <file name="character.js" path="C:\MSI Kate\KateWolsh\IT\Frontend\Home work\methods\src\character.js">
      <metrics statements="37" coveredstatements="35" conditionals="11" coveredconditionals="9" methods="9" coveredmethods="9"/>
      <line num="3" count="20" type="cond" truecount="5" falsecount="0"/>
      <line num="4" count="4" type="stmt"/>
      <line num="7" count="16" type="stmt"/>
      <line num="8" count="16" type="cond" truecount="2" falsecount="0"/>
      <line num="9" count="1" type="stmt"/>
      <line num="12" count="15" type="stmt"/>
      <line num="13" count="15" type="stmt"/>
      <line num="14" count="15" type="stmt"/>
      <line num="15" count="15" type="stmt"/>
      <line num="20" count="1" type="cond" truecount="1" falsecount="1"/>
      <line num="21" count="0" type="stmt"/>
      <line num="24" count="1" type="stmt"/>
      <line num="25" count="1" type="stmt"/>
      <line num="26" count="1" type="stmt"/>
      <line num="27" count="1" type="stmt"/>
      <line num="31" count="2" type="cond" truecount="1" falsecount="1"/>
      <line num="32" count="0" type="stmt"/>
      <line num="35" count="2" type="stmt"/>
      <line num="36" count="2" type="stmt"/>
      <line num="43" count="1" type="stmt"/>
      <line num="44" count="1" type="stmt"/>
      <line num="45" count="1" type="stmt"/>
      <line num="51" count="1" type="stmt"/>
      <line num="52" count="1" type="stmt"/>
      <line num="53" count="1" type="stmt"/>
      <line num="59" count="1" type="stmt"/>
      <line num="60" count="1" type="stmt"/>
      <line num="61" count="1" type="stmt"/>
      <line num="67" count="1" type="stmt"/>
      <line num="68" count="1" type="stmt"/>
      <line num="69" count="1" type="stmt"/>
      <line num="75" count="1" type="stmt"/>
      <line num="76" count="1" type="stmt"/>
      <line num="77" count="1" type="stmt"/>
      <line num="83" count="1" type="stmt"/>
      <line num="84" count="1" type="stmt"/>
      <line num="85" count="1" type="stmt"/>
    </file>
  </project>
</coverage>
