{"C:\\MSI Kate\\KateWolsh\\IT\\Frontend\\Home work\\methods\\src\\character.js": {"path":"C:\\MSI Kate\\KateWolsh\\IT\\Frontend\\Home work\\methods\\src\\character.js","statementMap":{"0":{"start":{"line":3,"column":8},"end":{"line":5,"column":9}},"1":{"start":{"line":4,"column":12},"end":{"line":4,"column":89}},"2":{"start":{"line":7,"column":27},"end":{"line":7,"column":92}},"3":{"start":{"line":8,"column":8},"end":{"line":10,"column":9}},"4":{"start":{"line":9,"column":12},"end":{"line":9,"column":57}},"5":{"start":{"line":12,"column":8},"end":{"line":12,"column":25}},"6":{"start":{"line":13,"column":8},"end":{"line":13,"column":25}},"7":{"start":{"line":14,"column":8},"end":{"line":14,"column":26}},"8":{"start":{"line":15,"column":8},"end":{"line":15,"column":23}},"9":{"start":{"line":20,"column":8},"end":{"line":22,"column":9}},"10":{"start":{"line":21,"column":12},"end":{"line":21,"column":62}},"11":{"start":{"line":24,"column":8},"end":{"line":24,"column":24}},"12":{"start":{"line":25,"column":8},"end":{"line":25,"column":52}},"13":{"start":{"line":26,"column":8},"end":{"line":26,"column":54}},"14":{"start":{"line":27,"column":8},"end":{"line":27,"column":26}},"15":{"start":{"line":31,"column":8},"end":{"line":33,"column":9}},"16":{"start":{"line":32,"column":12},"end":{"line":32,"column":74}},"17":{"start":{"line":35,"column":28},"end":{"line":35,"column":61}},"18":{"start":{"line":36,"column":8},"end":{"line":36,"column":35}},"19":{"start":{"line":43,"column":6},"end":{"line":43,"column":28}},"20":{"start":{"line":44,"column":6},"end":{"line":44,"column":23}},"21":{"start":{"line":45,"column":6},"end":{"line":45,"column":24}},"22":{"start":{"line":51,"column":6},"end":{"line":51,"column":31}},"23":{"start":{"line":52,"column":6},"end":{"line":52,"column":23}},"24":{"start":{"line":53,"column":6},"end":{"line":53,"column":24}},"25":{"start":{"line":59,"column":6},"end":{"line":59,"column":30}},"26":{"start":{"line":60,"column":6},"end":{"line":60,"column":23}},"27":{"start":{"line":61,"column":6},"end":{"line":61,"column":24}},"28":{"start":{"line":67,"column":6},"end":{"line":67,"column":28}},"29":{"start":{"line":68,"column":6},"end":{"line":68,"column":23}},"30":{"start":{"line":69,"column":6},"end":{"line":69,"column":24}},"31":{"start":{"line":75,"column":6},"end":{"line":75,"column":28}},"32":{"start":{"line":76,"column":6},"end":{"line":76,"column":23}},"33":{"start":{"line":77,"column":6},"end":{"line":77,"column":24}},"34":{"start":{"line":83,"column":6},"end":{"line":83,"column":28}},"35":{"start":{"line":84,"column":6},"end":{"line":84,"column":23}},"36":{"start":{"line":85,"column":6},"end":{"line":85,"column":24}}},"fnMap":{"0":{"name":"(anonymous_0)","decl":{"start":{"line":2,"column":4},"end":{"line":2,"column":5}},"loc":{"start":{"line":2,"column":28},"end":{"line":17,"column":5}},"line":2},"1":{"name":"(anonymous_1)","decl":{"start":{"line":19,"column":4},"end":{"line":19,"column":5}},"loc":{"start":{"line":19,"column":14},"end":{"line":28,"column":5}},"line":19},"2":{"name":"(anonymous_2)","decl":{"start":{"line":30,"column":4},"end":{"line":30,"column":5}},"loc":{"start":{"line":30,"column":19},"end":{"line":38,"column":5}},"line":30},"3":{"name":"(anonymous_3)","decl":{"start":{"line":42,"column":4},"end":{"line":42,"column":5}},"loc":{"start":{"line":42,"column":22},"end":{"line":46,"column":5}},"line":42},"4":{"name":"(anonymous_4)","decl":{"start":{"line":50,"column":4},"end":{"line":50,"column":5}},"loc":{"start":{"line":50,"column":22},"end":{"line":54,"column":5}},"line":50},"5":{"name":"(anonymous_5)","decl":{"start":{"line":58,"column":4},"end":{"line":58,"column":5}},"loc":{"start":{"line":58,"column":22},"end":{"line":62,"column":5}},"line":58},"6":{"name":"(anonymous_6)","decl":{"start":{"line":66,"column":4},"end":{"line":66,"column":5}},"loc":{"start":{"line":66,"column":22},"end":{"line":70,"column":5}},"line":66},"7":{"name":"(anonymous_7)","decl":{"start":{"line":74,"column":4},"end":{"line":74,"column":5}},"loc":{"start":{"line":74,"column":22},"end":{"line":78,"column":5}},"line":74},"8":{"name":"(anonymous_8)","decl":{"start":{"line":82,"column":4},"end":{"line":82,"column":5}},"loc":{"start":{"line":82,"column":22},"end":{"line":86,"column":5}},"line":82}},"branchMap":{"0":{"loc":{"start":{"line":3,"column":8},"end":{"line":5,"column":9}},"type":"if","locations":[{"start":{"line":3,"column":8},"end":{"line":5,"column":9}},{"start":{},"end":{}}],"line":3},"1":{"loc":{"start":{"line":3,"column":12},"end":{"line":3,"column":75}},"type":"binary-expr","locations":[{"start":{"line":3,"column":12},"end":{"line":3,"column":36}},{"start":{"line":3,"column":40},"end":{"line":3,"column":55}},{"start":{"line":3,"column":59},"end":{"line":3,"column":75}}],"line":3},"2":{"loc":{"start":{"line":8,"column":8},"end":{"line":10,"column":9}},"type":"if","locations":[{"start":{"line":8,"column":8},"end":{"line":10,"column":9}},{"start":{},"end":{}}],"line":8},"3":{"loc":{"start":{"line":20,"column":8},"end":{"line":22,"column":9}},"type":"if","locations":[{"start":{"line":20,"column":8},"end":{"line":22,"column":9}},{"start":{},"end":{}}],"line":20},"4":{"loc":{"start":{"line":31,"column":8},"end":{"line":33,"column":9}},"type":"if","locations":[{"start":{"line":31,"column":8},"end":{"line":33,"column":9}},{"start":{},"end":{}}],"line":31}},"s":{"0":20,"1":4,"2":16,"3":16,"4":1,"5":15,"6":15,"7":15,"8":15,"9":1,"10":0,"11":1,"12":1,"13":1,"14":1,"15":2,"16":0,"17":2,"18":2,"19":1,"20":1,"21":1,"22":1,"23":1,"24":1,"25":1,"26":1,"27":1,"28":1,"29":1,"30":1,"31":1,"32":1,"33":1,"34":1,"35":1,"36":1},"f":{"0":20,"1":1,"2":2,"3":1,"4":1,"5":1,"6":1,"7":1,"8":1},"b":{"0":[4,16],"1":[20,20,17],"2":[1,15],"3":[0,1],"4":[0,2]},"_coverageSchema":"1a1c01bbd47fc00a2c39e90264f33305004495a9","hash":"9407da16f677e5d5f378c1556615fe952c4a01fd"}
}
