{"C:\\MSI Kate\\KateWolsh\\IT\\Frontend\\Home work\\methods\\src\\character.js": {"path":"C:\\MSI Kate\\KateWolsh\\IT\\Frontend\\Home work\\methods\\src\\character.js","statementMap":{"0":{"start":{"line":3,"column":8},"end":{"line":5,"column":9}},"1":{"start":{"line":4,"column":12},"end":{"line":4,"column":89}},"2":{"start":{"line":7,"column":27},"end":{"line":7,"column":92}},"3":{"start":{"line":8,"column":8},"end":{"line":10,"column":9}},"4":{"start":{"line":9,"column":12},"end":{"line":9,"column":57}},"5":{"start":{"line":12,"column":8},"end":{"line":12,"column":25}},"6":{"start":{"line":13,"column":8},"end":{"line":13,"column":25}},"7":{"start":{"line":14,"column":8},"end":{"line":14,"column":26}},"8":{"start":{"line":15,"column":8},"end":{"line":15,"column":23}},"9":{"start":{"line":17,"column":8},"end":{"line":42,"column":9}},"10":{"start":{"line":19,"column":16},"end":{"line":19,"column":33}},"11":{"start":{"line":20,"column":16},"end":{"line":20,"column":34}},"12":{"start":{"line":21,"column":16},"end":{"line":21,"column":22}},"13":{"start":{"line":23,"column":16},"end":{"line":23,"column":33}},"14":{"start":{"line":24,"column":16},"end":{"line":24,"column":34}},"15":{"start":{"line":25,"column":16},"end":{"line":25,"column":22}},"16":{"start":{"line":27,"column":16},"end":{"line":27,"column":33}},"17":{"start":{"line":28,"column":16},"end":{"line":28,"column":34}},"18":{"start":{"line":29,"column":16},"end":{"line":29,"column":22}},"19":{"start":{"line":31,"column":16},"end":{"line":31,"column":33}},"20":{"start":{"line":32,"column":16},"end":{"line":32,"column":34}},"21":{"start":{"line":33,"column":16},"end":{"line":33,"column":22}},"22":{"start":{"line":35,"column":16},"end":{"line":35,"column":33}},"23":{"start":{"line":36,"column":16},"end":{"line":36,"column":34}},"24":{"start":{"line":37,"column":16},"end":{"line":37,"column":22}},"25":{"start":{"line":39,"column":16},"end":{"line":39,"column":33}},"26":{"start":{"line":40,"column":16},"end":{"line":40,"column":34}},"27":{"start":{"line":41,"column":16},"end":{"line":41,"column":22}},"28":{"start":{"line":46,"column":8},"end":{"line":48,"column":9}},"29":{"start":{"line":47,"column":12},"end":{"line":47,"column":62}},"30":{"start":{"line":50,"column":8},"end":{"line":50,"column":24}},"31":{"start":{"line":51,"column":8},"end":{"line":51,"column":52}},"32":{"start":{"line":52,"column":8},"end":{"line":52,"column":54}},"33":{"start":{"line":53,"column":8},"end":{"line":53,"column":26}},"34":{"start":{"line":57,"column":8},"end":{"line":59,"column":9}},"35":{"start":{"line":58,"column":12},"end":{"line":58,"column":74}},"36":{"start":{"line":61,"column":28},"end":{"line":61,"column":61}},"37":{"start":{"line":62,"column":8},"end":{"line":62,"column":35}}},"fnMap":{"0":{"name":"(anonymous_0)","decl":{"start":{"line":2,"column":4},"end":{"line":2,"column":5}},"loc":{"start":{"line":2,"column":28},"end":{"line":43,"column":5}},"line":2},"1":{"name":"(anonymous_1)","decl":{"start":{"line":45,"column":4},"end":{"line":45,"column":5}},"loc":{"start":{"line":45,"column":14},"end":{"line":54,"column":5}},"line":45},"2":{"name":"(anonymous_2)","decl":{"start":{"line":56,"column":4},"end":{"line":56,"column":5}},"loc":{"start":{"line":56,"column":19},"end":{"line":64,"column":5}},"line":56}},"branchMap":{"0":{"loc":{"start":{"line":3,"column":8},"end":{"line":5,"column":9}},"type":"if","locations":[{"start":{"line":3,"column":8},"end":{"line":5,"column":9}},{"start":{},"end":{}}],"line":3},"1":{"loc":{"start":{"line":3,"column":12},"end":{"line":3,"column":75}},"type":"binary-expr","locations":[{"start":{"line":3,"column":12},"end":{"line":3,"column":36}},{"start":{"line":3,"column":40},"end":{"line":3,"column":55}},{"start":{"line":3,"column":59},"end":{"line":3,"column":75}}],"line":3},"2":{"loc":{"start":{"line":8,"column":8},"end":{"line":10,"column":9}},"type":"if","locations":[{"start":{"line":8,"column":8},"end":{"line":10,"column":9}},{"start":{},"end":{}}],"line":8},"3":{"loc":{"start":{"line":17,"column":8},"end":{"line":42,"column":9}},"type":"switch","locations":[{"start":{"line":18,"column":12},"end":{"line":21,"column":22}},{"start":{"line":22,"column":12},"end":{"line":25,"column":22}},{"start":{"line":26,"column":12},"end":{"line":29,"column":22}},{"start":{"line":30,"column":12},"end":{"line":33,"column":22}},{"start":{"line":34,"column":12},"end":{"line":37,"column":22}},{"start":{"line":38,"column":12},"end":{"line":41,"column":22}}],"line":17},"4":{"loc":{"start":{"line":46,"column":8},"end":{"line":48,"column":9}},"type":"if","locations":[{"start":{"line":46,"column":8},"end":{"line":48,"column":9}},{"start":{},"end":{}}],"line":46},"5":{"loc":{"start":{"line":57,"column":8},"end":{"line":59,"column":9}},"type":"if","locations":[{"start":{"line":57,"column":8},"end":{"line":59,"column":9}},{"start":{},"end":{}}],"line":57}},"s":{"0":14,"1":4,"2":10,"3":10,"4":1,"5":9,"6":9,"7":9,"8":9,"9":9,"10":1,"11":1,"12":1,"13":4,"14":4,"15":4,"16":1,"17":1,"18":1,"19":1,"20":1,"21":1,"22":1,"23":1,"24":1,"25":1,"26":1,"27":1,"28":1,"29":0,"30":1,"31":1,"32":1,"33":1,"34":2,"35":0,"36":2,"37":2},"f":{"0":14,"1":1,"2":2},"b":{"0":[4,10],"1":[14,14,11],"2":[1,9],"3":[1,4,1,1,1,1],"4":[0,1],"5":[0,2]},"_coverageSchema":"1a1c01bbd47fc00a2c39e90264f33305004495a9","hash":"f8b467c5d407a45b199ccae1bc74ea67b8835d4f"}
}
