TN:
SF:src\character.js
FN:2,(anonymous_0)
FN:45,(anonymous_1)
FN:56,(anonymous_2)
FNF:3
FNH:3
FNDA:14,(anonymous_0)
FNDA:1,(anonymous_1)
FNDA:2,(anonymous_2)
DA:3,14
DA:4,4
DA:7,10
DA:8,10
DA:9,1
DA:12,9
DA:13,9
DA:14,9
DA:15,9
DA:17,9
DA:19,1
DA:20,1
DA:21,1
DA:23,4
DA:24,4
DA:25,4
DA:27,1
DA:28,1
DA:29,1
DA:31,1
DA:32,1
DA:33,1
DA:35,1
DA:36,1
DA:37,1
DA:39,1
DA:40,1
DA:41,1
DA:46,1
DA:47,0
DA:50,1
DA:51,1
DA:52,1
DA:53,1
DA:57,2
DA:58,0
DA:61,2
DA:62,2
LF:38
LH:36
BRDA:3,0,0,4
BRDA:3,0,1,10
BRDA:3,1,0,14
BRDA:3,1,1,14
BRDA:3,1,2,11
BRDA:8,2,0,1
BRDA:8,2,1,9
BRDA:17,3,0,1
BRDA:17,3,1,4
BRDA:17,3,2,1
BRDA:17,3,3,1
BRDA:17,3,4,1
BRDA:17,3,5,1
BRDA:46,4,0,0
BRDA:46,4,1,1
BRDA:57,5,0,0
BRDA:57,5,1,2
BRF:17
BRH:15
end_of_record
