TN:
SF:src\character.js
FN:2,(anonymous_0)
FN:19,(anonymous_1)
FN:30,(anonymous_2)
FN:42,(anonymous_3)
FN:50,(anonymous_4)
FN:58,(anonymous_5)
FN:66,(anonymous_6)
FN:74,(anonymous_7)
FN:82,(anonymous_8)
FNF:9
FNH:9
FNDA:20,(anonymous_0)
FNDA:1,(anonymous_1)
FNDA:2,(anonymous_2)
FNDA:1,(anonymous_3)
FNDA:1,(anonymous_4)
FNDA:1,(anonymous_5)
FNDA:1,(anonymous_6)
FNDA:1,(anonymous_7)
FNDA:1,(anonymous_8)
DA:3,20
DA:4,4
DA:7,16
DA:8,16
DA:9,1
DA:12,15
DA:13,15
DA:14,15
DA:15,15
DA:20,1
DA:21,0
DA:24,1
DA:25,1
DA:26,1
DA:27,1
DA:31,2
DA:32,0
DA:35,2
DA:36,2
DA:43,1
DA:44,1
DA:45,1
DA:51,1
DA:52,1
DA:53,1
DA:59,1
DA:60,1
DA:61,1
DA:67,1
DA:68,1
DA:69,1
DA:75,1
DA:76,1
DA:77,1
DA:83,1
DA:84,1
DA:85,1
LF:37
LH:35
BRDA:3,0,0,4
BRDA:3,0,1,16
BRDA:3,1,0,20
BRDA:3,1,1,20
BRDA:3,1,2,17
BRDA:8,2,0,1
BRDA:8,2,1,15
BRDA:20,3,0,0
BRDA:20,3,1,1
BRDA:31,4,0,0
BRDA:31,4,1,2
BRF:11
BRH:9
end_of_record
